[debug] [2025-06-17T10:32:55.020Z] ----------------------------------------------------------------------
[debug] [2025-06-17T10:32:55.022Z] Command:       C:\Program Files\nodejs\node.exe C:\Users\nicol\Documents\EPF\3A\testReactNativEXPO\node_modules\firebase-tools\lib\bin\firebase.js emulators:start --only functions
[debug] [2025-06-17T10:32:55.022Z] CLI Version:   14.6.0
[debug] [2025-06-17T10:32:55.022Z] Platform:      win32
[debug] [2025-06-17T10:32:55.023Z] Node Version:  v20.13.1
[debug] [2025-06-17T10:32:55.023Z] Time:          Tue Jun 17 2025 12:32:55 GMT+0200 (heure d’été d’Europe centrale)
[debug] [2025-06-17T10:32:55.023Z] ----------------------------------------------------------------------
[debug] 
[debug] [2025-06-17T10:32:55.205Z] > command requires scopes: ["email","openid","https://www.googleapis.com/auth/cloudplatformprojects.readonly","https://www.googleapis.com/auth/firebase","https://www.googleapis.com/auth/cloud-platform"]
[debug] [2025-06-17T10:32:55.205Z] > authorizing via signed-in user (cameleon.etang23@gmail.com)
[info] i  emulators: Starting emulators: functions {"metadata":{"emulator":{"name":"hub"},"message":"Starting emulators: functions"}}
[debug] [2025-06-17T10:32:55.212Z] [logging] Logging Emulator only supports listening on one address (127.0.0.1). Not listening on ::1
[debug] [2025-06-17T10:32:55.213Z] assigned listening specs for emulators {"user":{"hub":[{"address":"127.0.0.1","family":"IPv4","port":4400},{"address":"::1","family":"IPv6","port":4400}],"ui":[{"address":"127.0.0.1","family":"IPv4","port":4000},{"address":"::1","family":"IPv6","port":4000}],"logging":[{"address":"127.0.0.1","family":"IPv4","port":4500}]},"metadata":{"message":"assigned listening specs for emulators"}}
[debug] [2025-06-17T10:32:55.219Z] [hub] writing locator at C:\Users\nicol\AppData\Local\Temp\hub-projet3a-app.json
[debug] [2025-06-17T10:32:55.236Z] [eventarc] Eventarc Emulator only supports listening on one address (127.0.0.1). Not listening on ::1
[debug] [2025-06-17T10:32:55.236Z] [tasks] Cloud Tasks Emulator only supports listening on one address (127.0.0.1). Not listening on ::1
[debug] [2025-06-17T10:32:55.236Z] late-assigned ports for functions and eventarc emulators {"user":{"hub":[{"address":"127.0.0.1","family":"IPv4","port":4400},{"address":"::1","family":"IPv6","port":4400}],"ui":[{"address":"127.0.0.1","family":"IPv4","port":4000},{"address":"::1","family":"IPv6","port":4000}],"logging":[{"address":"127.0.0.1","family":"IPv4","port":4500}],"functions":[{"address":"0.0.0.0","family":"IPv4","port":5001}],"eventarc":[{"address":"127.0.0.1","family":"IPv4","port":9299}],"tasks":[{"address":"127.0.0.1","family":"IPv4","port":9499}]},"metadata":{"message":"late-assigned ports for functions and eventarc emulators"}}
[warn] !  functions: The following emulators are not running, calls to these services from the Functions emulator will affect production: apphosting, auth, firestore, database, hosting, pubsub, storage, dataconnect {"metadata":{"emulator":{"name":"functions"},"message":"The following emulators are not running, calls to these services from the Functions emulator will affect production: \u001b[1mapphosting, auth, firestore, database, hosting, pubsub, storage, dataconnect\u001b[22m"}}
[debug] [2025-06-17T10:32:55.253Z] defaultcredentials: writing to file C:\Users\nicol\AppData\Roaming\firebase\cameleon_etang23_gmail.com_application_default_credentials.json
[debug] [2025-06-17T10:32:55.257Z] Setting GAC to C:\Users\nicol\AppData\Roaming\firebase\cameleon_etang23_gmail.com_application_default_credentials.json {"metadata":{"emulator":{"name":"functions"},"message":"Setting GAC to C:\\Users\\nicol\\AppData\\Roaming\\firebase\\cameleon_etang23_gmail.com_application_default_credentials.json"}}
[debug] [2025-06-17T10:32:55.257Z] Checked if tokens are valid: true, expires at: 1750157557273
[debug] [2025-06-17T10:32:55.258Z] Checked if tokens are valid: true, expires at: 1750157557273
[debug] [2025-06-17T10:32:55.258Z] >>> [apiv2][query] GET https://firebase.googleapis.com/v1beta1/projects/projet3a-app/adminSdkConfig [none]
[debug] [2025-06-17T10:32:55.495Z] <<< [apiv2][status] GET https://firebase.googleapis.com/v1beta1/projects/projet3a-app/adminSdkConfig 200
[debug] [2025-06-17T10:32:55.495Z] <<< [apiv2][body] GET https://firebase.googleapis.com/v1beta1/projects/projet3a-app/adminSdkConfig {"projectId":"projet3a-app","storageBucket":"projet3a-app.firebasestorage.app"}
[info] i  functions: Watching "C:\Users\nicol\Documents\EPF\3A\testReactNativEXPO\functions" for Cloud Functions... {"metadata":{"emulator":{"name":"functions"},"message":"Watching \"C:\\Users\\nicol\\Documents\\EPF\\3A\\testReactNativEXPO\\functions\" for Cloud Functions..."}}
[debug] [2025-06-17T10:32:55.518Z] Validating nodejs source
[debug] [2025-06-17T10:32:56.220Z] > [functions] package.json contents: {
  "name": "functions",
  "scripts": {
    "lint": "eslint --ext .js,.ts .",
    "build": "tsc",
    "build:watch": "tsc --watch",
    "serve": "npm run build && firebase emulators:start --only functions",
    "shell": "npm run build && firebase functions:shell",
    "start": "npm run shell",
    "deploy": "firebase deploy --only functions",
    "logs": "firebase functions:log"
  },
  "engines": {
    "node": "22"
  },
  "main": "lib/index.js",
  "dependencies": {
    "firebase-admin": "^12.6.0",
    "firebase-functions": "^6.0.1",
    "mysql2": "^3.14.1"
  },
  "devDependencies": {
    "@typescript-eslint/eslint-plugin": "^5.12.0",
    "@typescript-eslint/parser": "^5.12.0",
    "eslint": "^8.9.0",
    "eslint-config-google": "^0.14.0",
    "eslint-plugin-import": "^2.25.4",
    "firebase-functions-test": "^3.1.0",
    "typescript": "^5.7.3"
  },
  "private": true
}
[debug] [2025-06-17T10:32:56.220Z] Building nodejs source
[debug] [2025-06-17T10:32:56.221Z] Failed to find version of module node: reached end of search path C:\Users\nicol\Documents\EPF\3A\testReactNativEXPO\functions\node_modules
[warn] !  functions: Your requested "node" version "22" doesn't match your global version "20". Using node@20 from host. 
[info] i  functions: Loaded environment variables from .env. 
[debug] [2025-06-17T10:32:56.223Z] Could not find functions.yaml. Must use http discovery
[debug] [2025-06-17T10:32:56.228Z] Found firebase-functions binary at 'C:\Users\nicol\Documents\EPF\3A\testReactNativEXPO\functions\node_modules\.bin\firebase-functions'
[info] Serving at port 8765

[debug] [2025-06-17T10:32:56.759Z] Got response from /__/functions.yaml {"endpoints":{"api":{"availableMemoryMb":null,"timeoutSeconds":null,"minInstances":null,"maxInstances":null,"ingressSettings":null,"concurrency":null,"serviceAccountEmail":null,"vpc":null,"platform":"gcfv2","labels":{},"httpsTrigger":{},"entryPoint":"api"}},"specVersion":"v1alpha1","requiredAPIs":[],"extensions":{}}
[info] +  functions: Loaded functions definitions from source: api. {"metadata":{"emulator":{"name":"functions"},"message":"Loaded functions definitions from source: api."}}
[info] +  functions[us-central1-api]: http function initialized (http://127.0.0.1:5001/projet3a-app/us-central1/api). {"metadata":{"emulator":{"name":"functions"},"message":"\u001b[1mhttp\u001b[22m function initialized (http://127.0.0.1:5001/projet3a-app/us-central1/api)."}}
[debug] [2025-06-17T10:33:01.790Z] Could not find VSCode notification endpoint: FetchError: request to http://localhost:40001/vscode/notify failed, reason: . If you are not running the Firebase Data Connect VSCode extension, this is expected and not an issue.
[info] 
┌─────────────────────────────────────────────────────────────┐
│ ✔  All emulators ready! It is now safe to connect your app. │
│ i  View Emulator UI at http://127.0.0.1:4000/               │
└─────────────────────────────────────────────────────────────┘

┌───────────┬──────────────┬─────────────────────────────────┐
│ Emulator  │ Host:Port    │ View in Emulator UI             │
├───────────┼──────────────┼─────────────────────────────────┤
│ Functions │ 0.0.0.0:5001 │ http://127.0.0.1:4000/functions │
└───────────┴──────────────┴─────────────────────────────────┘
  Emulator Hub host: 127.0.0.1 port: 4400
  Other reserved ports: 4500

Issues? Report them at https://github.com/firebase/firebase-tools/issues and attach the *-debug.log files.
 
[debug] [2025-06-17T10:33:06.145Z] [work-queue] {"queuedWork":["/projet3a-app/us-central1/api/user/id/1-2025-06-17T10:33:06.145Z"],"queueLength":1,"runningWork":[],"workRunningCount":0}
[debug] [2025-06-17T10:33:06.145Z] [work-queue] {"queuedWork":[],"queueLength":0,"runningWork":["/projet3a-app/us-central1/api/user/id/1-2025-06-17T10:33:06.145Z"],"workRunningCount":1}
[debug] [2025-06-17T10:33:06.146Z] Accepted request GET /projet3a-app/us-central1/api/user/id/1 --> us-central1-api
[debug] [2025-06-17T10:33:06.147Z] [functions] Runtime ready! Sending request! {"metadata":{"emulator":{"name":"functions"},"message":"[functions] Runtime ready! Sending request!"}}
[debug] [2025-06-17T10:33:06.147Z] [functions] Got req.url=/projet3a-app/us-central1/api/user/id/1, mapping to path=/user/id/1 {"metadata":{"emulator":{"name":"functions"},"message":"[functions] Got req.url=/projet3a-app/us-central1/api/user/id/1, mapping to path=/user/id/1"}}
[info] i  functions: Loaded environment variables from .env. 
[debug] [2025-06-17T10:33:06.160Z] [worker-pool] addWorker(us-central1-api) {"metadata":{"emulator":{"name":"functions"},"message":"[worker-pool] addWorker(us-central1-api)"}}
[debug] [2025-06-17T10:33:06.160Z] [worker-pool] Adding worker with key us-central1-api, total=1 {"metadata":{"emulator":{"name":"functions"},"message":"[worker-pool] Adding worker with key us-central1-api, total=1"}}
[debug] [2025-06-17T10:33:06.163Z] [work-queue] {"queuedWork":["/projet3a-app/us-central1/api/user/events/1-2025-06-17T10:33:06.163Z"],"queueLength":1,"runningWork":["/projet3a-app/us-central1/api/user/id/1-2025-06-17T10:33:06.145Z"],"workRunningCount":1}
[debug] [2025-06-17T10:33:06.163Z] [work-queue] {"queuedWork":[],"queueLength":0,"runningWork":["/projet3a-app/us-central1/api/user/id/1-2025-06-17T10:33:06.145Z","/projet3a-app/us-central1/api/user/events/1-2025-06-17T10:33:06.163Z"],"workRunningCount":2}
[debug] [2025-06-17T10:33:06.163Z] Accepted request GET /projet3a-app/us-central1/api/user/events/1 --> us-central1-api
[debug] [2025-06-17T10:33:06.165Z] [functions] Runtime ready! Sending request! {"metadata":{"emulator":{"name":"functions"},"message":"[functions] Runtime ready! Sending request!"}}
[debug] [2025-06-17T10:33:06.165Z] [functions] Got req.url=/projet3a-app/us-central1/api/user/events/1, mapping to path=/user/events/1 {"metadata":{"emulator":{"name":"functions"},"message":"[functions] Got req.url=/projet3a-app/us-central1/api/user/events/1, mapping to path=/user/events/1"}}
[info] i  functions: Loaded environment variables from .env. 
[debug] [2025-06-17T10:33:06.187Z] [worker-pool] addWorker(us-central1-api) {"metadata":{"emulator":{"name":"functions"},"message":"[worker-pool] addWorker(us-central1-api)"}}
[debug] [2025-06-17T10:33:06.187Z] [worker-pool] Adding worker with key us-central1-api, total=2 {"metadata":{"emulator":{"name":"functions"},"message":"[worker-pool] Adding worker with key us-central1-api, total=2"}}
[debug] [2025-06-17T10:33:07.153Z] [runtime-status] [1524] Resolved module firebase-admin {"declared":true,"installed":true,"version":"12.7.0","resolution":"C:\\Users\\nicol\\Documents\\EPF\\3A\\testReactNativEXPO\\functions\\node_modules\\firebase-admin\\lib\\index.js"} {"metadata":{"emulator":{"name":"functions"},"function":{"name":"us-central1-api"},"extension":{},"message":"[runtime-status] [1524] Resolved module firebase-admin {\"declared\":true,\"installed\":true,\"version\":\"12.7.0\",\"resolution\":\"C:\\\\Users\\\\nicol\\\\Documents\\\\EPF\\\\3A\\\\testReactNativEXPO\\\\functions\\\\node_modules\\\\firebase-admin\\\\lib\\\\index.js\"}"}}
[debug] [2025-06-17T10:33:07.153Z] [runtime-status] [10292] Resolved module firebase-admin {"declared":true,"installed":true,"version":"12.7.0","resolution":"C:\\Users\\nicol\\Documents\\EPF\\3A\\testReactNativEXPO\\functions\\node_modules\\firebase-admin\\lib\\index.js"} {"metadata":{"emulator":{"name":"functions"},"function":{"name":"us-central1-api"},"extension":{},"message":"[runtime-status] [10292] Resolved module firebase-admin {\"declared\":true,\"installed\":true,\"version\":\"12.7.0\",\"resolution\":\"C:\\\\Users\\\\nicol\\\\Documents\\\\EPF\\\\3A\\\\testReactNativEXPO\\\\functions\\\\node_modules\\\\firebase-admin\\\\lib\\\\index.js\"}"}}
[debug] [2025-06-17T10:33:07.154Z] [runtime-status] [1524] Resolved module firebase-functions {"declared":true,"installed":true,"version":"6.3.2","resolution":"C:\\Users\\nicol\\Documents\\EPF\\3A\\testReactNativEXPO\\functions\\node_modules\\firebase-functions\\lib\\v2\\index.js"} {"metadata":{"emulator":{"name":"functions"},"function":{"name":"us-central1-api"},"extension":{},"message":"[runtime-status] [1524] Resolved module firebase-functions {\"declared\":true,\"installed\":true,\"version\":\"6.3.2\",\"resolution\":\"C:\\\\Users\\\\nicol\\\\Documents\\\\EPF\\\\3A\\\\testReactNativEXPO\\\\functions\\\\node_modules\\\\firebase-functions\\\\lib\\\\v2\\\\index.js\"}"}}
[debug] [2025-06-17T10:33:07.154Z] [runtime-status] [10292] Resolved module firebase-functions {"declared":true,"installed":true,"version":"6.3.2","resolution":"C:\\Users\\nicol\\Documents\\EPF\\3A\\testReactNativEXPO\\functions\\node_modules\\firebase-functions\\lib\\v2\\index.js"} {"metadata":{"emulator":{"name":"functions"},"function":{"name":"us-central1-api"},"extension":{},"message":"[runtime-status] [10292] Resolved module firebase-functions {\"declared\":true,\"installed\":true,\"version\":\"6.3.2\",\"resolution\":\"C:\\\\Users\\\\nicol\\\\Documents\\\\EPF\\\\3A\\\\testReactNativEXPO\\\\functions\\\\node_modules\\\\firebase-functions\\\\lib\\\\v2\\\\index.js\"}"}}
[debug] [2025-06-17T10:33:07.154Z] [runtime-status] [1524] Outgoing network have been stubbed. [{"name":"http","status":"mocked"},{"name":"http","status":"mocked"},{"name":"https","status":"mocked"},{"name":"https","status":"mocked"},{"name":"net","status":"mocked"}] {"metadata":{"emulator":{"name":"functions"},"function":{"name":"us-central1-api"},"extension":{},"message":"[runtime-status] [1524] Outgoing network have been stubbed. [{\"name\":\"http\",\"status\":\"mocked\"},{\"name\":\"http\",\"status\":\"mocked\"},{\"name\":\"https\",\"status\":\"mocked\"},{\"name\":\"https\",\"status\":\"mocked\"},{\"name\":\"net\",\"status\":\"mocked\"}]"}}
[debug] [2025-06-17T10:33:07.154Z] [runtime-status] [10292] Outgoing network have been stubbed. [{"name":"http","status":"mocked"},{"name":"http","status":"mocked"},{"name":"https","status":"mocked"},{"name":"https","status":"mocked"},{"name":"net","status":"mocked"}] {"metadata":{"emulator":{"name":"functions"},"function":{"name":"us-central1-api"},"extension":{},"message":"[runtime-status] [10292] Outgoing network have been stubbed. [{\"name\":\"http\",\"status\":\"mocked\"},{\"name\":\"http\",\"status\":\"mocked\"},{\"name\":\"https\",\"status\":\"mocked\"},{\"name\":\"https\",\"status\":\"mocked\"},{\"name\":\"net\",\"status\":\"mocked\"}]"}}
[debug] [2025-06-17T10:33:07.156Z] [runtime-status] [1524] Resolved module firebase-functions {"declared":true,"installed":true,"version":"6.3.2","resolution":"C:\\Users\\nicol\\Documents\\EPF\\3A\\testReactNativEXPO\\functions\\node_modules\\firebase-functions\\lib\\v2\\index.js"} {"metadata":{"emulator":{"name":"functions"},"function":{"name":"us-central1-api"},"extension":{},"message":"[runtime-status] [1524] Resolved module firebase-functions {\"declared\":true,\"installed\":true,\"version\":\"6.3.2\",\"resolution\":\"C:\\\\Users\\\\nicol\\\\Documents\\\\EPF\\\\3A\\\\testReactNativEXPO\\\\functions\\\\node_modules\\\\firebase-functions\\\\lib\\\\v2\\\\index.js\"}"}}
[debug] [2025-06-17T10:33:07.156Z] [runtime-status] [10292] Resolved module firebase-functions {"declared":true,"installed":true,"version":"6.3.2","resolution":"C:\\Users\\nicol\\Documents\\EPF\\3A\\testReactNativEXPO\\functions\\node_modules\\firebase-functions\\lib\\v2\\index.js"} {"metadata":{"emulator":{"name":"functions"},"function":{"name":"us-central1-api"},"extension":{},"message":"[runtime-status] [10292] Resolved module firebase-functions {\"declared\":true,\"installed\":true,\"version\":\"6.3.2\",\"resolution\":\"C:\\\\Users\\\\nicol\\\\Documents\\\\EPF\\\\3A\\\\testReactNativEXPO\\\\functions\\\\node_modules\\\\firebase-functions\\\\lib\\\\v2\\\\index.js\"}"}}
[debug] [2025-06-17T10:33:07.415Z] [runtime-status] [10292] Checked functions.config() {"config":{}} {"metadata":{"emulator":{"name":"functions"},"function":{"name":"us-central1-api"},"extension":{},"message":"[runtime-status] [10292] Checked functions.config() {\"config\":{}}"}}
[debug] [2025-06-17T10:33:07.416Z] [runtime-status] [1524] Checked functions.config() {"config":{}} {"metadata":{"emulator":{"name":"functions"},"function":{"name":"us-central1-api"},"extension":{},"message":"[runtime-status] [1524] Checked functions.config() {\"config\":{}}"}}
[debug] [2025-06-17T10:33:07.416Z] [runtime-status] [1524] firebase-functions has been stubbed. {"functionsResolution":{"declared":true,"installed":true,"version":"6.3.2","resolution":"C:\\Users\\nicol\\Documents\\EPF\\3A\\testReactNativEXPO\\functions\\node_modules\\firebase-functions\\lib\\v2\\index.js"}} {"metadata":{"emulator":{"name":"functions"},"function":{"name":"us-central1-api"},"extension":{},"message":"[runtime-status] [1524] firebase-functions has been stubbed. {\"functionsResolution\":{\"declared\":true,\"installed\":true,\"version\":\"6.3.2\",\"resolution\":\"C:\\\\Users\\\\nicol\\\\Documents\\\\EPF\\\\3A\\\\testReactNativEXPO\\\\functions\\\\node_modules\\\\firebase-functions\\\\lib\\\\v2\\\\index.js\"}}"}}
[debug] [2025-06-17T10:33:07.416Z] [runtime-status] [10292] firebase-functions has been stubbed. {"functionsResolution":{"declared":true,"installed":true,"version":"6.3.2","resolution":"C:\\Users\\nicol\\Documents\\EPF\\3A\\testReactNativEXPO\\functions\\node_modules\\firebase-functions\\lib\\v2\\index.js"}} {"metadata":{"emulator":{"name":"functions"},"function":{"name":"us-central1-api"},"extension":{},"message":"[runtime-status] [10292] firebase-functions has been stubbed. {\"functionsResolution\":{\"declared\":true,\"installed\":true,\"version\":\"6.3.2\",\"resolution\":\"C:\\\\Users\\\\nicol\\\\Documents\\\\EPF\\\\3A\\\\testReactNativEXPO\\\\functions\\\\node_modules\\\\firebase-functions\\\\lib\\\\v2\\\\index.js\"}}"}}
[debug] [2025-06-17T10:33:07.416Z] [runtime-status] [10292] Resolved module firebase-functions {"declared":true,"installed":true,"version":"6.3.2","resolution":"C:\\Users\\nicol\\Documents\\EPF\\3A\\testReactNativEXPO\\functions\\node_modules\\firebase-functions\\lib\\v2\\index.js"} {"metadata":{"emulator":{"name":"functions"},"function":{"name":"us-central1-api"},"extension":{},"message":"[runtime-status] [10292] Resolved module firebase-functions {\"declared\":true,\"installed\":true,\"version\":\"6.3.2\",\"resolution\":\"C:\\\\Users\\\\nicol\\\\Documents\\\\EPF\\\\3A\\\\testReactNativEXPO\\\\functions\\\\node_modules\\\\firebase-functions\\\\lib\\\\v2\\\\index.js\"}"}}
[debug] [2025-06-17T10:33:07.416Z] [runtime-status] [1524] Resolved module firebase-functions {"declared":true,"installed":true,"version":"6.3.2","resolution":"C:\\Users\\nicol\\Documents\\EPF\\3A\\testReactNativEXPO\\functions\\node_modules\\firebase-functions\\lib\\v2\\index.js"} {"metadata":{"emulator":{"name":"functions"},"function":{"name":"us-central1-api"},"extension":{},"message":"[runtime-status] [1524] Resolved module firebase-functions {\"declared\":true,\"installed\":true,\"version\":\"6.3.2\",\"resolution\":\"C:\\\\Users\\\\nicol\\\\Documents\\\\EPF\\\\3A\\\\testReactNativEXPO\\\\functions\\\\node_modules\\\\firebase-functions\\\\lib\\\\v2\\\\index.js\"}"}}
[debug] [2025-06-17T10:33:07.420Z] [runtime-status] [10292] Resolved module firebase-admin {"declared":true,"installed":true,"version":"12.7.0","resolution":"C:\\Users\\nicol\\Documents\\EPF\\3A\\testReactNativEXPO\\functions\\node_modules\\firebase-admin\\lib\\index.js"} {"metadata":{"emulator":{"name":"functions"},"function":{"name":"us-central1-api"},"extension":{},"message":"[runtime-status] [10292] Resolved module firebase-admin {\"declared\":true,\"installed\":true,\"version\":\"12.7.0\",\"resolution\":\"C:\\\\Users\\\\nicol\\\\Documents\\\\EPF\\\\3A\\\\testReactNativEXPO\\\\functions\\\\node_modules\\\\firebase-admin\\\\lib\\\\index.js\"}"}}
[debug] [2025-06-17T10:33:07.420Z] [runtime-status] [1524] Resolved module firebase-admin {"declared":true,"installed":true,"version":"12.7.0","resolution":"C:\\Users\\nicol\\Documents\\EPF\\3A\\testReactNativEXPO\\functions\\node_modules\\firebase-admin\\lib\\index.js"} {"metadata":{"emulator":{"name":"functions"},"function":{"name":"us-central1-api"},"extension":{},"message":"[runtime-status] [1524] Resolved module firebase-admin {\"declared\":true,\"installed\":true,\"version\":\"12.7.0\",\"resolution\":\"C:\\\\Users\\\\nicol\\\\Documents\\\\EPF\\\\3A\\\\testReactNativEXPO\\\\functions\\\\node_modules\\\\firebase-admin\\\\lib\\\\index.js\"}"}}
[debug] [2025-06-17T10:33:07.422Z] [runtime-status] [10292] Resolved module firebase-functions {"declared":true,"installed":true,"version":"6.3.2","resolution":"C:\\Users\\nicol\\Documents\\EPF\\3A\\testReactNativEXPO\\functions\\node_modules\\firebase-functions\\lib\\v2\\index.js"} {"metadata":{"emulator":{"name":"functions"},"function":{"name":"us-central1-api"},"extension":{},"message":"[runtime-status] [10292] Resolved module firebase-functions {\"declared\":true,\"installed\":true,\"version\":\"6.3.2\",\"resolution\":\"C:\\\\Users\\\\nicol\\\\Documents\\\\EPF\\\\3A\\\\testReactNativEXPO\\\\functions\\\\node_modules\\\\firebase-functions\\\\lib\\\\v2\\\\index.js\"}"}}
[debug] [2025-06-17T10:33:07.422Z] [runtime-status] [1524] Resolved module firebase-functions {"declared":true,"installed":true,"version":"6.3.2","resolution":"C:\\Users\\nicol\\Documents\\EPF\\3A\\testReactNativEXPO\\functions\\node_modules\\firebase-functions\\lib\\v2\\index.js"} {"metadata":{"emulator":{"name":"functions"},"function":{"name":"us-central1-api"},"extension":{},"message":"[runtime-status] [1524] Resolved module firebase-functions {\"declared\":true,\"installed\":true,\"version\":\"6.3.2\",\"resolution\":\"C:\\\\Users\\\\nicol\\\\Documents\\\\EPF\\\\3A\\\\testReactNativEXPO\\\\functions\\\\node_modules\\\\firebase-functions\\\\lib\\\\v2\\\\index.js\"}"}}
[debug] [2025-06-17T10:33:07.422Z] [runtime-status] [1524] firebase-admin has been stubbed. {"adminResolution":{"declared":true,"installed":true,"version":"12.7.0","resolution":"C:\\Users\\nicol\\Documents\\EPF\\3A\\testReactNativEXPO\\functions\\node_modules\\firebase-admin\\lib\\index.js"}} {"metadata":{"emulator":{"name":"functions"},"function":{"name":"us-central1-api"},"extension":{},"message":"[runtime-status] [1524] firebase-admin has been stubbed. {\"adminResolution\":{\"declared\":true,\"installed\":true,\"version\":\"12.7.0\",\"resolution\":\"C:\\\\Users\\\\nicol\\\\Documents\\\\EPF\\\\3A\\\\testReactNativEXPO\\\\functions\\\\node_modules\\\\firebase-admin\\\\lib\\\\index.js\"}}"}}
[debug] [2025-06-17T10:33:07.422Z] [runtime-status] [10292] firebase-admin has been stubbed. {"adminResolution":{"declared":true,"installed":true,"version":"12.7.0","resolution":"C:\\Users\\nicol\\Documents\\EPF\\3A\\testReactNativEXPO\\functions\\node_modules\\firebase-admin\\lib\\index.js"}} {"metadata":{"emulator":{"name":"functions"},"function":{"name":"us-central1-api"},"extension":{},"message":"[runtime-status] [10292] firebase-admin has been stubbed. {\"adminResolution\":{\"declared\":true,\"installed\":true,\"version\":\"12.7.0\",\"resolution\":\"C:\\\\Users\\\\nicol\\\\Documents\\\\EPF\\\\3A\\\\testReactNativEXPO\\\\functions\\\\node_modules\\\\firebase-admin\\\\lib\\\\index.js\"}}"}}
[debug] [2025-06-17T10:33:07.620Z] [runtime-status] [1524] Functions runtime initialized. {"cwd":"C:\\Users\\nicol\\Documents\\EPF\\3A\\testReactNativEXPO\\functions","node_version":"20.13.1"} {"metadata":{"emulator":{"name":"functions"},"function":{"name":"us-central1-api"},"extension":{},"message":"[runtime-status] [1524] Functions runtime initialized. {\"cwd\":\"C:\\\\Users\\\\nicol\\\\Documents\\\\EPF\\\\3A\\\\testReactNativEXPO\\\\functions\",\"node_version\":\"20.13.1\"}"}}
[debug] [2025-06-17T10:33:07.620Z] [runtime-status] [10292] Functions runtime initialized. {"cwd":"C:\\Users\\nicol\\Documents\\EPF\\3A\\testReactNativEXPO\\functions","node_version":"20.13.1"} {"metadata":{"emulator":{"name":"functions"},"function":{"name":"us-central1-api"},"extension":{},"message":"[runtime-status] [10292] Functions runtime initialized. {\"cwd\":\"C:\\\\Users\\\\nicol\\\\Documents\\\\EPF\\\\3A\\\\testReactNativEXPO\\\\functions\",\"node_version\":\"20.13.1\"}"}}
[debug] [2025-06-17T10:33:07.620Z] [runtime-status] [1524] Listening to port: \\?\pipe\fire_emu_1873249bde794c64 {"metadata":{"emulator":{"name":"functions"},"function":{"name":"us-central1-api"},"extension":{},"message":"[runtime-status] [1524] Listening to port: \\\\?\\pipe\\fire_emu_1873249bde794c64"}}
[debug] [2025-06-17T10:33:07.620Z] [runtime-status] [10292] Listening to port: \\?\pipe\fire_emu_52ed9f46531cfb57 {"metadata":{"emulator":{"name":"functions"},"function":{"name":"us-central1-api"},"extension":{},"message":"[runtime-status] [10292] Listening to port: \\\\?\\pipe\\fire_emu_52ed9f46531cfb57"}}
[debug] [2025-06-17T10:33:07.699Z] [worker-us-central1-api-6a93db4b-51a0-44d8-a4fd-ef4f28c8cd93]: IDLE {"metadata":{"emulator":{"name":"functions"},"function":{"name":"us-central1-api"},"extension":{},"message":"[worker-us-central1-api-6a93db4b-51a0-44d8-a4fd-ef4f28c8cd93]: IDLE"}}
[debug] [2025-06-17T10:33:07.699Z] [worker-pool] submitRequest(triggerId=us-central1-api) {"metadata":{"emulator":{"name":"functions"},"message":"[worker-pool] submitRequest(triggerId=us-central1-api)"}}
[info] i  functions: Beginning execution of "us-central1-api" {"metadata":{"emulator":{"name":"functions"},"function":{"name":"us-central1-api"},"extension":{},"message":"Beginning execution of \"us-central1-api\""}}
[debug] [2025-06-17T10:33:07.700Z] [worker-us-central1-api-6a93db4b-51a0-44d8-a4fd-ef4f28c8cd93]: BUSY {"metadata":{"emulator":{"name":"functions"},"function":{"name":"us-central1-api"},"extension":{},"message":"[worker-us-central1-api-6a93db4b-51a0-44d8-a4fd-ef4f28c8cd93]: BUSY"}}
[debug] [2025-06-17T10:33:07.701Z] [worker-us-central1-api-8ac5b92b-2bcc-41c2-b7f5-6b6bfad0d576]: IDLE {"metadata":{"emulator":{"name":"functions"},"function":{"name":"us-central1-api"},"extension":{},"message":"[worker-us-central1-api-8ac5b92b-2bcc-41c2-b7f5-6b6bfad0d576]: IDLE"}}
[debug] [2025-06-17T10:33:07.701Z] [worker-pool] submitRequest(triggerId=us-central1-api) {"metadata":{"emulator":{"name":"functions"},"message":"[worker-pool] submitRequest(triggerId=us-central1-api)"}}
[info] i  functions: Beginning execution of "us-central1-api" {"metadata":{"emulator":{"name":"functions"},"function":{"name":"us-central1-api"},"extension":{},"message":"Beginning execution of \"us-central1-api\""}}
[debug] [2025-06-17T10:33:07.702Z] [worker-us-central1-api-8ac5b92b-2bcc-41c2-b7f5-6b6bfad0d576]: BUSY {"metadata":{"emulator":{"name":"functions"},"function":{"name":"us-central1-api"},"extension":{},"message":"[worker-us-central1-api-8ac5b92b-2bcc-41c2-b7f5-6b6bfad0d576]: BUSY"}}
[debug] [2025-06-17T10:33:07.730Z] Finishing up request with event=pause {"metadata":{"emulator":{"name":"functions"},"function":{"name":"us-central1-api"},"extension":{},"message":"Finishing up request with event=pause"}}
[info] i  functions: Finished "us-central1-api" in 30.3786ms {"metadata":{"emulator":{"name":"functions"},"function":{"name":"us-central1-api"},"extension":{},"message":"Finished \"us-central1-api\" in 30.3786ms"}}
[debug] [2025-06-17T10:33:07.731Z] [worker-us-central1-api-6a93db4b-51a0-44d8-a4fd-ef4f28c8cd93]: IDLE {"metadata":{"emulator":{"name":"functions"},"function":{"name":"us-central1-api"},"extension":{},"message":"[worker-us-central1-api-6a93db4b-51a0-44d8-a4fd-ef4f28c8cd93]: IDLE"}}
[debug] [2025-06-17T10:33:07.731Z] Finishing up request with event=finish {"metadata":{"emulator":{"name":"functions"},"function":{"name":"us-central1-api"},"extension":{},"message":"Finishing up request with event=finish"}}
[debug] [2025-06-17T10:33:07.731Z] Finishing up request with event=close {"metadata":{"emulator":{"name":"functions"},"function":{"name":"us-central1-api"},"extension":{},"message":"Finishing up request with event=close"}}
[debug] [2025-06-17T10:33:07.731Z] [work-queue] {"queuedWork":[],"queueLength":0,"runningWork":["/projet3a-app/us-central1/api/user/events/1-2025-06-17T10:33:06.163Z"],"workRunningCount":1}
[debug] [2025-06-17T10:33:07.732Z] Finishing up request with event=pause {"metadata":{"emulator":{"name":"functions"},"function":{"name":"us-central1-api"},"extension":{},"message":"Finishing up request with event=pause"}}
[info] i  functions: Finished "us-central1-api" in 30.4746ms {"metadata":{"emulator":{"name":"functions"},"function":{"name":"us-central1-api"},"extension":{},"message":"Finished \"us-central1-api\" in 30.4746ms"}}
[debug] [2025-06-17T10:33:07.733Z] [worker-us-central1-api-8ac5b92b-2bcc-41c2-b7f5-6b6bfad0d576]: IDLE {"metadata":{"emulator":{"name":"functions"},"function":{"name":"us-central1-api"},"extension":{},"message":"[worker-us-central1-api-8ac5b92b-2bcc-41c2-b7f5-6b6bfad0d576]: IDLE"}}
[debug] [2025-06-17T10:33:07.733Z] Finishing up request with event=finish {"metadata":{"emulator":{"name":"functions"},"function":{"name":"us-central1-api"},"extension":{},"message":"Finishing up request with event=finish"}}
[debug] [2025-06-17T10:33:07.733Z] Finishing up request with event=close {"metadata":{"emulator":{"name":"functions"},"function":{"name":"us-central1-api"},"extension":{},"message":"Finishing up request with event=close"}}
[debug] [2025-06-17T10:33:07.733Z] [work-queue] {"queuedWork":[],"queueLength":0,"runningWork":[],"workRunningCount":0}
[debug] [2025-06-17T10:33:07.769Z] [work-queue] {"queuedWork":["/projet3a-app/us-central1/api/posseder/role/1-2025-06-17T10:33:07.769Z"],"queueLength":1,"runningWork":[],"workRunningCount":0}
[debug] [2025-06-17T10:33:07.769Z] [work-queue] {"queuedWork":[],"queueLength":0,"runningWork":["/projet3a-app/us-central1/api/posseder/role/1-2025-06-17T10:33:07.769Z"],"workRunningCount":1}
[debug] [2025-06-17T10:33:07.769Z] Accepted request GET /projet3a-app/us-central1/api/posseder/role/1 --> us-central1-api
[debug] [2025-06-17T10:33:07.770Z] [functions] Runtime ready! Sending request! {"metadata":{"emulator":{"name":"functions"},"message":"[functions] Runtime ready! Sending request!"}}
[debug] [2025-06-17T10:33:07.770Z] [functions] Got req.url=/projet3a-app/us-central1/api/posseder/role/1, mapping to path=/posseder/role/1 {"metadata":{"emulator":{"name":"functions"},"message":"[functions] Got req.url=/projet3a-app/us-central1/api/posseder/role/1, mapping to path=/posseder/role/1"}}
[debug] [2025-06-17T10:33:07.770Z] [worker-pool] submitRequest(triggerId=us-central1-api) {"metadata":{"emulator":{"name":"functions"},"message":"[worker-pool] submitRequest(triggerId=us-central1-api)"}}
[info] i  functions: Beginning execution of "us-central1-api" {"metadata":{"emulator":{"name":"functions"},"function":{"name":"us-central1-api"},"extension":{},"message":"Beginning execution of \"us-central1-api\""}}
[debug] [2025-06-17T10:33:07.770Z] [worker-us-central1-api-6a93db4b-51a0-44d8-a4fd-ef4f28c8cd93]: BUSY {"metadata":{"emulator":{"name":"functions"},"function":{"name":"us-central1-api"},"extension":{},"message":"[worker-us-central1-api-6a93db4b-51a0-44d8-a4fd-ef4f28c8cd93]: BUSY"}}
[debug] [2025-06-17T10:33:07.774Z] Finishing up request with event=pause {"metadata":{"emulator":{"name":"functions"},"function":{"name":"us-central1-api"},"extension":{},"message":"Finishing up request with event=pause"}}
[info] i  functions: Finished "us-central1-api" in 3.6683ms {"metadata":{"emulator":{"name":"functions"},"function":{"name":"us-central1-api"},"extension":{},"message":"Finished \"us-central1-api\" in 3.6683ms"}}
[debug] [2025-06-17T10:33:07.774Z] [worker-us-central1-api-6a93db4b-51a0-44d8-a4fd-ef4f28c8cd93]: IDLE {"metadata":{"emulator":{"name":"functions"},"function":{"name":"us-central1-api"},"extension":{},"message":"[worker-us-central1-api-6a93db4b-51a0-44d8-a4fd-ef4f28c8cd93]: IDLE"}}
[debug] [2025-06-17T10:33:07.774Z] Finishing up request with event=finish {"metadata":{"emulator":{"name":"functions"},"function":{"name":"us-central1-api"},"extension":{},"message":"Finishing up request with event=finish"}}
[debug] [2025-06-17T10:33:07.775Z] Finishing up request with event=close {"metadata":{"emulator":{"name":"functions"},"function":{"name":"us-central1-api"},"extension":{},"message":"Finishing up request with event=close"}}
[debug] [2025-06-17T10:33:07.775Z] [work-queue] {"queuedWork":[],"queueLength":0,"runningWork":[],"workRunningCount":0}
[debug] [2025-06-17T10:33:46.866Z] [work-queue] {"queuedWork":["/projet3a-app/us-central1/api/user/id/1-2025-06-17T10:33:46.866Z"],"queueLength":1,"runningWork":[],"workRunningCount":0}
[debug] [2025-06-17T10:33:46.866Z] [work-queue] {"queuedWork":[],"queueLength":0,"runningWork":["/projet3a-app/us-central1/api/user/id/1-2025-06-17T10:33:46.866Z"],"workRunningCount":1}
[debug] [2025-06-17T10:33:46.866Z] Accepted request GET /projet3a-app/us-central1/api/user/id/1 --> us-central1-api
[debug] [2025-06-17T10:33:46.867Z] [functions] Runtime ready! Sending request! {"metadata":{"emulator":{"name":"functions"},"message":"[functions] Runtime ready! Sending request!"}}
[debug] [2025-06-17T10:33:46.867Z] [functions] Got req.url=/projet3a-app/us-central1/api/user/id/1, mapping to path=/user/id/1 {"metadata":{"emulator":{"name":"functions"},"message":"[functions] Got req.url=/projet3a-app/us-central1/api/user/id/1, mapping to path=/user/id/1"}}
[debug] [2025-06-17T10:33:46.867Z] [worker-pool] submitRequest(triggerId=us-central1-api) {"metadata":{"emulator":{"name":"functions"},"message":"[worker-pool] submitRequest(triggerId=us-central1-api)"}}
[info] i  functions: Beginning execution of "us-central1-api" {"metadata":{"emulator":{"name":"functions"},"function":{"name":"us-central1-api"},"extension":{},"message":"Beginning execution of \"us-central1-api\""}}
[debug] [2025-06-17T10:33:46.873Z] [worker-us-central1-api-6a93db4b-51a0-44d8-a4fd-ef4f28c8cd93]: BUSY {"metadata":{"emulator":{"name":"functions"},"function":{"name":"us-central1-api"},"extension":{},"message":"[worker-us-central1-api-6a93db4b-51a0-44d8-a4fd-ef4f28c8cd93]: BUSY"}}
[debug] [2025-06-17T10:33:46.876Z] [work-queue] {"queuedWork":["/projet3a-app/us-central1/api/user/events/1-2025-06-17T10:33:46.876Z"],"queueLength":1,"runningWork":["/projet3a-app/us-central1/api/user/id/1-2025-06-17T10:33:46.866Z"],"workRunningCount":1}
[debug] [2025-06-17T10:33:46.877Z] [work-queue] {"queuedWork":[],"queueLength":0,"runningWork":["/projet3a-app/us-central1/api/user/id/1-2025-06-17T10:33:46.866Z","/projet3a-app/us-central1/api/user/events/1-2025-06-17T10:33:46.876Z"],"workRunningCount":2}
[debug] [2025-06-17T10:33:46.877Z] Accepted request GET /projet3a-app/us-central1/api/user/events/1 --> us-central1-api
[debug] [2025-06-17T10:33:46.880Z] [functions] Runtime ready! Sending request! {"metadata":{"emulator":{"name":"functions"},"message":"[functions] Runtime ready! Sending request!"}}
[debug] [2025-06-17T10:33:46.881Z] [functions] Got req.url=/projet3a-app/us-central1/api/user/events/1, mapping to path=/user/events/1 {"metadata":{"emulator":{"name":"functions"},"message":"[functions] Got req.url=/projet3a-app/us-central1/api/user/events/1, mapping to path=/user/events/1"}}
[debug] [2025-06-17T10:33:46.882Z] [worker-pool] submitRequest(triggerId=us-central1-api) {"metadata":{"emulator":{"name":"functions"},"message":"[worker-pool] submitRequest(triggerId=us-central1-api)"}}
[info] i  functions: Beginning execution of "us-central1-api" {"metadata":{"emulator":{"name":"functions"},"function":{"name":"us-central1-api"},"extension":{},"message":"Beginning execution of \"us-central1-api\""}}
[debug] [2025-06-17T10:33:46.884Z] [worker-us-central1-api-8ac5b92b-2bcc-41c2-b7f5-6b6bfad0d576]: BUSY {"metadata":{"emulator":{"name":"functions"},"function":{"name":"us-central1-api"},"extension":{},"message":"[worker-us-central1-api-8ac5b92b-2bcc-41c2-b7f5-6b6bfad0d576]: BUSY"}}
[debug] [2025-06-17T10:33:46.891Z] Finishing up request with event=pause {"metadata":{"emulator":{"name":"functions"},"function":{"name":"us-central1-api"},"extension":{},"message":"Finishing up request with event=pause"}}
[info] i  functions: Finished "us-central1-api" in 17.8921ms {"metadata":{"emulator":{"name":"functions"},"function":{"name":"us-central1-api"},"extension":{},"message":"Finished \"us-central1-api\" in 17.8921ms"}}
[debug] [2025-06-17T10:33:46.894Z] [worker-us-central1-api-6a93db4b-51a0-44d8-a4fd-ef4f28c8cd93]: IDLE {"metadata":{"emulator":{"name":"functions"},"function":{"name":"us-central1-api"},"extension":{},"message":"[worker-us-central1-api-6a93db4b-51a0-44d8-a4fd-ef4f28c8cd93]: IDLE"}}
[debug] [2025-06-17T10:33:46.894Z] Finishing up request with event=finish {"metadata":{"emulator":{"name":"functions"},"function":{"name":"us-central1-api"},"extension":{},"message":"Finishing up request with event=finish"}}
[debug] [2025-06-17T10:33:46.894Z] Finishing up request with event=close {"metadata":{"emulator":{"name":"functions"},"function":{"name":"us-central1-api"},"extension":{},"message":"Finishing up request with event=close"}}
[debug] [2025-06-17T10:33:46.894Z] [work-queue] {"queuedWork":[],"queueLength":0,"runningWork":["/projet3a-app/us-central1/api/user/events/1-2025-06-17T10:33:46.876Z"],"workRunningCount":1}
[debug] [2025-06-17T10:33:46.895Z] Finishing up request with event=pause {"metadata":{"emulator":{"name":"functions"},"function":{"name":"us-central1-api"},"extension":{},"message":"Finishing up request with event=pause"}}
[info] i  functions: Finished "us-central1-api" in 10.8617ms {"metadata":{"emulator":{"name":"functions"},"function":{"name":"us-central1-api"},"extension":{},"message":"Finished \"us-central1-api\" in 10.8617ms"}}
[debug] [2025-06-17T10:33:46.895Z] [worker-us-central1-api-8ac5b92b-2bcc-41c2-b7f5-6b6bfad0d576]: IDLE {"metadata":{"emulator":{"name":"functions"},"function":{"name":"us-central1-api"},"extension":{},"message":"[worker-us-central1-api-8ac5b92b-2bcc-41c2-b7f5-6b6bfad0d576]: IDLE"}}
[debug] [2025-06-17T10:33:46.895Z] Finishing up request with event=finish {"metadata":{"emulator":{"name":"functions"},"function":{"name":"us-central1-api"},"extension":{},"message":"Finishing up request with event=finish"}}
[debug] [2025-06-17T10:33:46.896Z] Finishing up request with event=close {"metadata":{"emulator":{"name":"functions"},"function":{"name":"us-central1-api"},"extension":{},"message":"Finishing up request with event=close"}}
[debug] [2025-06-17T10:33:46.896Z] [work-queue] {"queuedWork":[],"queueLength":0,"runningWork":[],"workRunningCount":0}
[debug] [2025-06-17T10:33:46.926Z] [work-queue] {"queuedWork":["/projet3a-app/us-central1/api/posseder/role/1-2025-06-17T10:33:46.926Z"],"queueLength":1,"runningWork":[],"workRunningCount":0}
[debug] [2025-06-17T10:33:46.926Z] [work-queue] {"queuedWork":[],"queueLength":0,"runningWork":["/projet3a-app/us-central1/api/posseder/role/1-2025-06-17T10:33:46.926Z"],"workRunningCount":1}
[debug] [2025-06-17T10:33:46.926Z] Accepted request GET /projet3a-app/us-central1/api/posseder/role/1 --> us-central1-api
[debug] [2025-06-17T10:33:46.928Z] [functions] Runtime ready! Sending request! {"metadata":{"emulator":{"name":"functions"},"message":"[functions] Runtime ready! Sending request!"}}
[debug] [2025-06-17T10:33:46.928Z] [functions] Got req.url=/projet3a-app/us-central1/api/posseder/role/1, mapping to path=/posseder/role/1 {"metadata":{"emulator":{"name":"functions"},"message":"[functions] Got req.url=/projet3a-app/us-central1/api/posseder/role/1, mapping to path=/posseder/role/1"}}
[debug] [2025-06-17T10:33:46.929Z] [worker-pool] submitRequest(triggerId=us-central1-api) {"metadata":{"emulator":{"name":"functions"},"message":"[worker-pool] submitRequest(triggerId=us-central1-api)"}}
[info] i  functions: Beginning execution of "us-central1-api" {"metadata":{"emulator":{"name":"functions"},"function":{"name":"us-central1-api"},"extension":{},"message":"Beginning execution of \"us-central1-api\""}}
[debug] [2025-06-17T10:33:46.929Z] [worker-us-central1-api-6a93db4b-51a0-44d8-a4fd-ef4f28c8cd93]: BUSY {"metadata":{"emulator":{"name":"functions"},"function":{"name":"us-central1-api"},"extension":{},"message":"[worker-us-central1-api-6a93db4b-51a0-44d8-a4fd-ef4f28c8cd93]: BUSY"}}
[debug] [2025-06-17T10:33:46.933Z] Finishing up request with event=pause {"metadata":{"emulator":{"name":"functions"},"function":{"name":"us-central1-api"},"extension":{},"message":"Finishing up request with event=pause"}}
[info] i  functions: Finished "us-central1-api" in 4.2394ms {"metadata":{"emulator":{"name":"functions"},"function":{"name":"us-central1-api"},"extension":{},"message":"Finished \"us-central1-api\" in 4.2394ms"}}
[debug] [2025-06-17T10:33:46.934Z] [worker-us-central1-api-6a93db4b-51a0-44d8-a4fd-ef4f28c8cd93]: IDLE {"metadata":{"emulator":{"name":"functions"},"function":{"name":"us-central1-api"},"extension":{},"message":"[worker-us-central1-api-6a93db4b-51a0-44d8-a4fd-ef4f28c8cd93]: IDLE"}}
[debug] [2025-06-17T10:33:46.935Z] Finishing up request with event=finish {"metadata":{"emulator":{"name":"functions"},"function":{"name":"us-central1-api"},"extension":{},"message":"Finishing up request with event=finish"}}
[debug] [2025-06-17T10:33:46.935Z] Finishing up request with event=close {"metadata":{"emulator":{"name":"functions"},"function":{"name":"us-central1-api"},"extension":{},"message":"Finishing up request with event=close"}}
[debug] [2025-06-17T10:33:46.935Z] [work-queue] {"queuedWork":[],"queueLength":0,"runningWork":[],"workRunningCount":0}
